<?xml version="1.0" encoding="UTF-8"?>
<!-- Generated by org.testng.reporters.JUnitXMLReporter -->
<testsuite ignored="2" hostname="Barun-Vaio" failures="0" tests="5" name="Car Loan" time="0.287" errors="0" timestamp="2023-01-18T12:54:11 IST">
  <testcase classname="test.day3" name="MobileLoginCarLoan" time="0.008"/>
  <testcase classname="test.day3" name="MobileSignOutCarLoan" time="0.003"/>
  <testcase classname="test.day3" name="MobileSignOutCarLoan" time="0.013"/>
  <testcase classname="test.day3" name="MobileSignOutCarLoan" time="0.007"/>
  <testcase classname="test.day3" name="webLoginCarLoan" time="0.016"/>
  <testcase classname="test.day3" name="MobilSignInCarLoan" time="0.0">
    <ignored/>
  </testcase> <!-- MobilSignInCarLoan -->
  <testcase classname="test.day3" name="APICarLoan" time="0.0">
    <ignored/>
  </testcase> <!-- APICarLoan -->
</testsuite> <!-- Car Loan -->
