<?xml version="1.0" encoding="UTF-8"?>
<!-- Generated by org.testng.reporters.JUnitXMLReporter -->
<testsuite ignored="4" hostname="Barun-Vaio" failures="0" tests="7" name="Regression" time="0.136" errors="0" timestamp="2023-01-17T18:39:46 IST">
  <testcase classname="test.day1" name="Demo" time="0.007"/>
  <testcase classname="test.day1" name="SecondTest" time="0.001"/>
  <testcase classname="test.day4" name="LoginApiHomeLoan" time="0.002"/>
  <testcase classname="test.day4" name="webLoginHomeLoan" time="0.005"/>
  <testcase classname="test.day3" name="MobileSignOutCarLoan" time="0.005"/>
  <testcase classname="test.day3" name="webLoginCarLoan" time="0.008"/>
  <testcase classname="test.day3" name="APICarLoan" time="0.003"/>
  <testcase classname="test.day2" name="Ploan" time="0.0">
    <ignored/>
  </testcase> <!-- Ploan -->
  <testcase classname="test.day3" name="MobilSignInCarLoan" time="0.0">
    <ignored/>
  </testcase> <!-- MobilSignInCarLoan -->
  <testcase classname="test.day3" name="MobileLoginCarLoan" time="0.0">
    <ignored/>
  </testcase> <!-- MobileLoginCarLoan -->
  <testcase classname="test.day4" name="MobileLoginHomeLoan" time="0.0">
    <ignored/>
  </testcase> <!-- MobileLoginHomeLoan -->
</testsuite> <!-- Regression -->
